Analysis & Synthesis report for rec_block
Sat Jun 28 20:17:14 2025
Quartus Prime Version 24.1std.0 Build 1077 03/04/2025 SC Lite Edition


---------------------
; Table of Contents ;
---------------------
  1. Legal Notice
  2. Analysis & Synthesis Summary
  3. Analysis & Synthesis Settings
  4. Parallel Compilation
  5. Analysis & Synthesis Source Files Read
  6. Analysis & Synthesis Resource Usage Summary
  7. Analysis & Synthesis Resource Utilization by Entity
  8. Analysis & Synthesis RAM Summary
  9. State Machine - |rec_block|rec:rec_unit|state
 10. Registers Removed During Synthesis
 11. General Register Statistics
 12. Registers Packed Into Inferred Megafunctions
 13. Source assignments for fifo:fifo_rec|simple_dual_port_ram_single_clock:dual_port_ram|altsyncram:ram_rtl_0|altsyncram_hpg1:auto_generated
 14. Parameter Settings for User Entity Instance: Top-level Entity: |rec_block
 15. Parameter Settings for User Entity Instance: rec:rec_unit
 16. Parameter Settings for User Entity Instance: fifo:fifo_rec
 17. Parameter Settings for User Entity Instance: fifo:fifo_rec|simple_dual_port_ram_single_clock:dual_port_ram
 18. Parameter Settings for User Entity Instance: baud_generator:baud_generator_rec
 19. Parameter Settings for Inferred Entity Instance: fifo:fifo_rec|simple_dual_port_ram_single_clock:dual_port_ram|altsyncram:ram_rtl_0
 20. altsyncram Parameter Settings by Entity Instance
 21. Port Connectivity Checks: "baud_generator:baud_generator_rec"
 22. Port Connectivity Checks: "fifo:fifo_rec"
 23. Post-Synthesis Netlist Statistics for Top Partition
 24. Elapsed Time Per Partition
 25. Analysis & Synthesis Messages



----------------
; Legal Notice ;
----------------
Copyright (C) 2025  Altera Corporation. All rights reserved.
Your use of Altera Corporation's design tools, logic functions 
and other software and tools, and any partner logic 
functions, and any output files from any of the foregoing 
(including device programming or simulation files), and any 
associated documentation or information are expressly subject 
to the terms and conditions of the Altera Program License 
Subscription Agreement, the Altera Quartus Prime License Agreement,
the Altera IP License Agreement, or other applicable license
agreement, including, without limitation, that your use is for
the sole purpose of programming logic devices manufactured by
Altera and sold by Altera or its authorized distributors.  Please
refer to the Altera Software License Subscription Agreements 
on the Quartus Prime software download page.



+--------------------------------------------------------------------------------------+
; Analysis & Synthesis Summary                                                         ;
+------------------------------------+-------------------------------------------------+
; Analysis & Synthesis Status        ; Successful - Sat Jun 28 20:17:13 2025           ;
; Quartus Prime Version              ; 24.1std.0 Build 1077 03/04/2025 SC Lite Edition ;
; Revision Name                      ; rec_block                                       ;
; Top-level Entity Name              ; rec_block                                       ;
; Family                             ; Cyclone 10 LP                                   ;
; Total logic elements               ; 172                                             ;
;     Total combinational functions  ; 163                                             ;
;     Dedicated logic registers      ; 73                                              ;
; Total registers                    ; 73                                              ;
; Total pins                         ; 25                                              ;
; Total virtual pins                 ; 0                                               ;
; Total memory bits                  ; 144                                             ;
; Embedded Multiplier 9-bit elements ; 0                                               ;
; Total PLLs                         ; 0                                               ;
+------------------------------------+-------------------------------------------------+


+------------------------------------------------------------------------------------------------------------+
; Analysis & Synthesis Settings                                                                              ;
+------------------------------------------------------------------+--------------------+--------------------+
; Option                                                           ; Setting            ; Default Value      ;
+------------------------------------------------------------------+--------------------+--------------------+
; Device                                                           ; 10CL120ZF484I8G    ;                    ;
; Top-level entity name                                            ; rec_block          ; rec_block          ;
; Family name                                                      ; Cyclone 10 LP      ; Cyclone V          ;
; Use smart compilation                                            ; Off                ; Off                ;
; Enable parallel Assembler and Timing Analyzer during compilation ; On                 ; On                 ;
; Enable compact report table                                      ; Off                ; Off                ;
; Restructure Multiplexers                                         ; Auto               ; Auto               ;
; Create Debugging Nodes for IP Cores                              ; Off                ; Off                ;
; Preserve fewer node names                                        ; On                 ; On                 ;
; Intel FPGA IP Evaluation Mode                                    ; Enable             ; Enable             ;
; Verilog Version                                                  ; Verilog_2001       ; Verilog_2001       ;
; VHDL Version                                                     ; VHDL_1993          ; VHDL_1993          ;
; State Machine Processing                                         ; Auto               ; Auto               ;
; Safe State Machine                                               ; Off                ; Off                ;
; Extract Verilog State Machines                                   ; On                 ; On                 ;
; Extract VHDL State Machines                                      ; On                 ; On                 ;
; Ignore Verilog initial constructs                                ; Off                ; Off                ;
; Iteration limit for constant Verilog loops                       ; 5000               ; 5000               ;
; Iteration limit for non-constant Verilog loops                   ; 250                ; 250                ;
; Add Pass-Through Logic to Inferred RAMs                          ; On                 ; On                 ;
; Infer RAMs from Raw Logic                                        ; On                 ; On                 ;
; Parallel Synthesis                                               ; On                 ; On                 ;
; DSP Block Balancing                                              ; Auto               ; Auto               ;
; NOT Gate Push-Back                                               ; On                 ; On                 ;
; Power-Up Don't Care                                              ; On                 ; On                 ;
; Remove Redundant Logic Cells                                     ; Off                ; Off                ;
; Remove Duplicate Registers                                       ; On                 ; On                 ;
; Ignore CARRY Buffers                                             ; Off                ; Off                ;
; Ignore CASCADE Buffers                                           ; Off                ; Off                ;
; Ignore GLOBAL Buffers                                            ; Off                ; Off                ;
; Ignore ROW GLOBAL Buffers                                        ; Off                ; Off                ;
; Ignore LCELL Buffers                                             ; Off                ; Off                ;
; Ignore SOFT Buffers                                              ; On                 ; On                 ;
; Limit AHDL Integers to 32 Bits                                   ; Off                ; Off                ;
; Optimization Technique                                           ; Balanced           ; Balanced           ;
; Carry Chain Length                                               ; 70                 ; 70                 ;
; Auto Carry Chains                                                ; On                 ; On                 ;
; Auto Open-Drain Pins                                             ; On                 ; On                 ;
; Perform WYSIWYG Primitive Resynthesis                            ; Off                ; Off                ;
; Auto ROM Replacement                                             ; On                 ; On                 ;
; Auto RAM Replacement                                             ; On                 ; On                 ;
; Auto DSP Block Replacement                                       ; On                 ; On                 ;
; Auto Shift Register Replacement                                  ; Auto               ; Auto               ;
; Allow Shift Register Merging across Hierarchies                  ; Auto               ; Auto               ;
; Auto Clock Enable Replacement                                    ; On                 ; On                 ;
; Strict RAM Replacement                                           ; Off                ; Off                ;
; Allow Synchronous Control Signals                                ; On                 ; On                 ;
; Force Use of Synchronous Clear Signals                           ; Off                ; Off                ;
; Auto RAM Block Balancing                                         ; On                 ; On                 ;
; Auto RAM to Logic Cell Conversion                                ; Off                ; Off                ;
; Auto Resource Sharing                                            ; Off                ; Off                ;
; Allow Any RAM Size For Recognition                               ; Off                ; Off                ;
; Allow Any ROM Size For Recognition                               ; Off                ; Off                ;
; Allow Any Shift Register Size For Recognition                    ; Off                ; Off                ;
; Use LogicLock Constraints during Resource Balancing              ; On                 ; On                 ;
; Ignore translate_off and synthesis_off directives                ; Off                ; Off                ;
; Timing-Driven Synthesis                                          ; On                 ; On                 ;
; Report Parameter Settings                                        ; On                 ; On                 ;
; Report Source Assignments                                        ; On                 ; On                 ;
; Report Connectivity Checks                                       ; On                 ; On                 ;
; Ignore Maximum Fan-Out Assignments                               ; Off                ; Off                ;
; Synchronization Register Chain Length                            ; 2                  ; 2                  ;
; Power Optimization During Synthesis                              ; Normal compilation ; Normal compilation ;
; HDL message level                                                ; Level2             ; Level2             ;
; Suppress Register Optimization Related Messages                  ; Off                ; Off                ;
; Number of Removed Registers Reported in Synthesis Report         ; 5000               ; 5000               ;
; Number of Swept Nodes Reported in Synthesis Report               ; 5000               ; 5000               ;
; Number of Inverted Registers Reported in Synthesis Report        ; 100                ; 100                ;
; Clock MUX Protection                                             ; On                 ; On                 ;
; Auto Gated Clock Conversion                                      ; Off                ; Off                ;
; Block Design Naming                                              ; Auto               ; Auto               ;
; SDC constraint protection                                        ; Off                ; Off                ;
; Synthesis Effort                                                 ; Auto               ; Auto               ;
; Shift Register Replacement - Allow Asynchronous Clear Signal     ; On                 ; On                 ;
; Pre-Mapping Resynthesis Optimization                             ; Off                ; Off                ;
; Analysis & Synthesis Message Level                               ; Medium             ; Medium             ;
; Disable Register Merging Across Hierarchies                      ; Auto               ; Auto               ;
; Resource Aware Inference For Block RAM                           ; On                 ; On                 ;
+------------------------------------------------------------------+--------------------+--------------------+


+------------------------------------------+
; Parallel Compilation                     ;
+----------------------------+-------------+
; Processors                 ; Number      ;
+----------------------------+-------------+
; Number detected on machine ; 8           ;
; Maximum allowed            ; 4           ;
;                            ;             ;
; Average used               ; 1.00        ;
; Maximum used               ; 4           ;
;                            ;             ;
; Usage by Processor         ; % Time Used ;
;     Processor 1            ; 100.0%      ;
;     Processors 2-4         ;   0.1%      ;
+----------------------------+-------------+


+---------------------------------------------------------------------------------------------------------------------------------------------------------------------------------------------------------------------------+
; Analysis & Synthesis Source Files Read                                                                                                                                                                                    ;
+----------------------------------------------------------+-----------------+------------------------------+-----------------------------------------------------------------------------------------------------+---------+
; File Name with User-Entered Path                         ; Used in Netlist ; File Type                    ; File Name with Absolute Path                                                                        ; Library ;
+----------------------------------------------------------+-----------------+------------------------------+-----------------------------------------------------------------------------------------------------+---------+
; ../../02_rtl/REC/rec_block.sv                            ; yes             ; User SystemVerilog HDL File  ; /home/noname_lnin/Documents/project_tiny/UART_IP/02_rtl/REC/rec_block.sv                            ;         ;
; ../../02_rtl/REC/rec.sv                                  ; yes             ; User SystemVerilog HDL File  ; /home/noname_lnin/Documents/project_tiny/UART_IP/02_rtl/REC/rec.sv                                  ;         ;
; ../../02_rtl/COMMON/baud_generator.sv                    ; yes             ; User SystemVerilog HDL File  ; /home/noname_lnin/Documents/project_tiny/UART_IP/02_rtl/COMMON/baud_generator.sv                    ;         ;
; ../../02_rtl/COMMON/fifo.sv                              ; yes             ; User SystemVerilog HDL File  ; /home/noname_lnin/Documents/project_tiny/UART_IP/02_rtl/COMMON/fifo.sv                              ;         ;
; ../../02_rtl/COMMON/simple_dual_port_ram_single_clock.sv ; yes             ; User SystemVerilog HDL File  ; /home/noname_lnin/Documents/project_tiny/UART_IP/02_rtl/COMMON/simple_dual_port_ram_single_clock.sv ;         ;
; altsyncram.tdf                                           ; yes             ; Megafunction                 ; /home/noname_lnin/intelFPGA_lite/24.1std/quartus/libraries/megafunctions/altsyncram.tdf             ;         ;
; stratix_ram_block.inc                                    ; yes             ; Megafunction                 ; /home/noname_lnin/intelFPGA_lite/24.1std/quartus/libraries/megafunctions/stratix_ram_block.inc      ;         ;
; lpm_mux.inc                                              ; yes             ; Megafunction                 ; /home/noname_lnin/intelFPGA_lite/24.1std/quartus/libraries/megafunctions/lpm_mux.inc                ;         ;
; lpm_decode.inc                                           ; yes             ; Megafunction                 ; /home/noname_lnin/intelFPGA_lite/24.1std/quartus/libraries/megafunctions/lpm_decode.inc             ;         ;
; aglobal241.inc                                           ; yes             ; Megafunction                 ; /home/noname_lnin/intelFPGA_lite/24.1std/quartus/libraries/megafunctions/aglobal241.inc             ;         ;
; a_rdenreg.inc                                            ; yes             ; Megafunction                 ; /home/noname_lnin/intelFPGA_lite/24.1std/quartus/libraries/megafunctions/a_rdenreg.inc              ;         ;
; altrom.inc                                               ; yes             ; Megafunction                 ; /home/noname_lnin/intelFPGA_lite/24.1std/quartus/libraries/megafunctions/altrom.inc                 ;         ;
; altram.inc                                               ; yes             ; Megafunction                 ; /home/noname_lnin/intelFPGA_lite/24.1std/quartus/libraries/megafunctions/altram.inc                 ;         ;
; altdpram.inc                                             ; yes             ; Megafunction                 ; /home/noname_lnin/intelFPGA_lite/24.1std/quartus/libraries/megafunctions/altdpram.inc               ;         ;
; db/altsyncram_hpg1.tdf                                   ; yes             ; Auto-Generated Megafunction  ; /home/noname_lnin/Documents/project_tiny/UART_IP/04_imple/UART_REC/db/altsyncram_hpg1.tdf           ;         ;
+----------------------------------------------------------+-----------------+------------------------------+-----------------------------------------------------------------------------------------------------+---------+


+-----------------------------------------------------------+
; Analysis & Synthesis Resource Usage Summary               ;
+---------------------------------------------+-------------+
; Resource                                    ; Usage       ;
+---------------------------------------------+-------------+
; Estimated Total logic elements              ; 172         ;
;                                             ;             ;
; Total combinational functions               ; 163         ;
; Logic element usage by number of LUT inputs ;             ;
;     -- 4 input functions                    ; 47          ;
;     -- 3 input functions                    ; 49          ;
;     -- <=2 input functions                  ; 67          ;
;                                             ;             ;
; Logic elements by mode                      ;             ;
;     -- normal mode                          ; 122         ;
;     -- arithmetic mode                      ; 41          ;
;                                             ;             ;
; Total registers                             ; 73          ;
;     -- Dedicated logic registers            ; 73          ;
;     -- I/O registers                        ; 0           ;
;                                             ;             ;
; I/O pins                                    ; 25          ;
; Total memory bits                           ; 144         ;
;                                             ;             ;
; Embedded Multiplier 9-bit elements          ; 0           ;
;                                             ;             ;
; Maximum fan-out node                        ; i_clk~input ;
; Maximum fan-out                             ; 82          ;
; Total fan-out                               ; 855         ;
; Average fan-out                             ; 2.90        ;
+---------------------------------------------+-------------+


+----------------------------------------------------------------------------------------------------------------------------------------------------------------------------------------------------------------------------------------------------------------------------------------------------------------------------------------------------------------------+
; Analysis & Synthesis Resource Utilization by Entity                                                                                                                                                                                                                                                                                                                  ;
+---------------------------------------------------------+---------------------+---------------------------+-------------+--------------+---------+-----------+------+--------------+------------------------------------------------------------------------------------------------------------------------------+-----------------------------------+--------------+
; Compilation Hierarchy Node                              ; Combinational ALUTs ; Dedicated Logic Registers ; Memory Bits ; DSP Elements ; DSP 9x9 ; DSP 18x18 ; Pins ; Virtual Pins ; Full Hierarchy Name                                                                                                          ; Entity Name                       ; Library Name ;
+---------------------------------------------------------+---------------------+---------------------------+-------------+--------------+---------+-----------+------+--------------+------------------------------------------------------------------------------------------------------------------------------+-----------------------------------+--------------+
; |rec_block                                              ; 163 (0)             ; 73 (0)                    ; 144         ; 0            ; 0       ; 0         ; 25   ; 0            ; |rec_block                                                                                                                   ; rec_block                         ; work         ;
;    |fifo:fifo_rec|                                      ; 25 (25)             ; 10 (10)                   ; 144         ; 0            ; 0       ; 0         ; 0    ; 0            ; |rec_block|fifo:fifo_rec                                                                                                     ; fifo                              ; work         ;
;       |simple_dual_port_ram_single_clock:dual_port_ram| ; 0 (0)               ; 0 (0)                     ; 144         ; 0            ; 0       ; 0         ; 0    ; 0            ; |rec_block|fifo:fifo_rec|simple_dual_port_ram_single_clock:dual_port_ram                                                     ; simple_dual_port_ram_single_clock ; work         ;
;          |altsyncram:ram_rtl_0|                         ; 0 (0)               ; 0 (0)                     ; 144         ; 0            ; 0       ; 0         ; 0    ; 0            ; |rec_block|fifo:fifo_rec|simple_dual_port_ram_single_clock:dual_port_ram|altsyncram:ram_rtl_0                                ; altsyncram                        ; work         ;
;             |altsyncram_hpg1:auto_generated|            ; 0 (0)               ; 0 (0)                     ; 144         ; 0            ; 0       ; 0         ; 0    ; 0            ; |rec_block|fifo:fifo_rec|simple_dual_port_ram_single_clock:dual_port_ram|altsyncram:ram_rtl_0|altsyncram_hpg1:auto_generated ; altsyncram_hpg1                   ; work         ;
;    |rec:rec_unit|                                       ; 138 (138)           ; 63 (63)                   ; 0           ; 0            ; 0       ; 0         ; 0    ; 0            ; |rec_block|rec:rec_unit                                                                                                      ; rec                               ; work         ;
+---------------------------------------------------------+---------------------+---------------------------+-------------+--------------+---------+-----------+------+--------------+------------------------------------------------------------------------------------------------------------------------------+-----------------------------------+--------------+
Note: For table entries with two numbers listed, the numbers in parentheses indicate the number of resources of the given type used by the specific entity alone. The numbers listed outside of parentheses indicate the total resources of the given type used by the specific entity and all of its sub-entities in the hierarchy.


+----------------------------------------------------------------------------------------------------------------------------------------------------------------------------------------------------------------------------------+
; Analysis & Synthesis RAM Summary                                                                                                                                                                                                 ;
+------------------------------------------------------------------------------------------------------------------------------+------+------------------+--------------+--------------+--------------+--------------+------+------+
; Name                                                                                                                         ; Type ; Mode             ; Port A Depth ; Port A Width ; Port B Depth ; Port B Width ; Size ; MIF  ;
+------------------------------------------------------------------------------------------------------------------------------+------+------------------+--------------+--------------+--------------+--------------+------+------+
; fifo:fifo_rec|simple_dual_port_ram_single_clock:dual_port_ram|altsyncram:ram_rtl_0|altsyncram_hpg1:auto_generated|ALTSYNCRAM ; AUTO ; Simple Dual Port ; 16           ; 9            ; 16           ; 9            ; 144  ; None ;
+------------------------------------------------------------------------------------------------------------------------------+------+------------------+--------------+--------------+--------------+--------------+------+------+


Encoding Type:  One-Hot
+---------------------------------------------------------------------------------------------------------------------------------------------------------------+
; State Machine - |rec_block|rec:rec_unit|state                                                                                                                 ;
+--------------------+------------------+--------------------+--------------------+--------------------+-----------------+-------------------+------------------+
; Name               ; state.STATE_DONE ; state.STATE_STOP_2 ; state.STATE_STOP_1 ; state.STATE_PARITY ; state.STATE_REC ; state.STATE_START ; state.STATE_IDLE ;
+--------------------+------------------+--------------------+--------------------+--------------------+-----------------+-------------------+------------------+
; state.STATE_IDLE   ; 0                ; 0                  ; 0                  ; 0                  ; 0               ; 0                 ; 0                ;
; state.STATE_START  ; 0                ; 0                  ; 0                  ; 0                  ; 0               ; 1                 ; 1                ;
; state.STATE_REC    ; 0                ; 0                  ; 0                  ; 0                  ; 1               ; 0                 ; 1                ;
; state.STATE_PARITY ; 0                ; 0                  ; 0                  ; 1                  ; 0               ; 0                 ; 1                ;
; state.STATE_STOP_1 ; 0                ; 0                  ; 1                  ; 0                  ; 0               ; 0                 ; 1                ;
; state.STATE_STOP_2 ; 0                ; 1                  ; 0                  ; 0                  ; 0               ; 0                 ; 1                ;
; state.STATE_DONE   ; 1                ; 0                  ; 0                  ; 0                  ; 0               ; 0                 ; 1                ;
+--------------------+------------------+--------------------+--------------------+--------------------+-----------------+-------------------+------------------+


+---------------------------------------------------------------------------------------------+
; Registers Removed During Synthesis                                                          ;
+----------------------------------------------------+----------------------------------------+
; Register name                                      ; Reason for Removal                     ;
+----------------------------------------------------+----------------------------------------+
; baud_generator:baud_generator_rec|bdr_count[0..23] ; Stuck at GND due to stuck port data_in ;
; rec:rec_unit|w_error_overun                        ; Stuck at GND due to stuck port data_in ;
; rec:rec_unit|state~4                               ; Lost fanout                            ;
; rec:rec_unit|state~5                               ; Lost fanout                            ;
; rec:rec_unit|state~6                               ; Lost fanout                            ;
; Total Number of Removed Registers = 28             ;                                        ;
+----------------------------------------------------+----------------------------------------+


+------------------------------------------------------+
; General Register Statistics                          ;
+----------------------------------------------+-------+
; Statistic                                    ; Value ;
+----------------------------------------------+-------+
; Total registers                              ; 73    ;
; Number of registers using Synchronous Clear  ; 0     ;
; Number of registers using Synchronous Load   ; 9     ;
; Number of registers using Asynchronous Clear ; 73    ;
; Number of registers using Asynchronous Load  ; 0     ;
; Number of registers using Clock Enable       ; 17    ;
; Number of registers using Preset             ; 0     ;
+----------------------------------------------+-------+


+--------------------------------------------------------------------------------------------------------------------------------------------------------+
; Registers Packed Into Inferred Megafunctions                                                                                                           ;
+-----------------------------------------------------------------------+-------------------------------------------------------------------------+------+
; Register Name                                                         ; Megafunction                                                            ; Type ;
+-----------------------------------------------------------------------+-------------------------------------------------------------------------+------+
; fifo:fifo_rec|simple_dual_port_ram_single_clock:dual_port_ram|q[0..8] ; fifo:fifo_rec|simple_dual_port_ram_single_clock:dual_port_ram|ram_rtl_0 ; RAM  ;
+-----------------------------------------------------------------------+-------------------------------------------------------------------------+------+


+------------------------------------------------------------------------------------------------------------------------------------------+
; Source assignments for fifo:fifo_rec|simple_dual_port_ram_single_clock:dual_port_ram|altsyncram:ram_rtl_0|altsyncram_hpg1:auto_generated ;
+---------------------------------+--------------------+------+----------------------------------------------------------------------------+
; Assignment                      ; Value              ; From ; To                                                                         ;
+---------------------------------+--------------------+------+----------------------------------------------------------------------------+
; OPTIMIZE_POWER_DURING_SYNTHESIS ; NORMAL_COMPILATION ; -    ; -                                                                          ;
+---------------------------------+--------------------+------+----------------------------------------------------------------------------+


+---------------------------------------------------------------------------+
; Parameter Settings for User Entity Instance: Top-level Entity: |rec_block ;
+----------------+-------+--------------------------------------------------+
; Parameter Name ; Value ; Type                                             ;
+----------------+-------+--------------------------------------------------+
; SIZE_DATA      ; 9     ; Signed Integer                                   ;
; OVER_SAMPLING  ; 16    ; Signed Integer                                   ;
; SIZE_BAUD      ; 24    ; Signed Integer                                   ;
+----------------+-------+--------------------------------------------------+
Note: In order to hide this table in the UI and the text report file, please set the "Show Parameter Settings in Synthesis Report" option in "Analysis and Synthesis Settings -> More Settings" to "Off".


+-----------------------------------------------------------+
; Parameter Settings for User Entity Instance: rec:rec_unit ;
+----------------+-------+----------------------------------+
; Parameter Name ; Value ; Type                             ;
+----------------+-------+----------------------------------+
; SIZE_DATA      ; 9     ; Signed Integer                   ;
; OVER_SAMPLING  ; 16    ; Signed Integer                   ;
+----------------+-------+----------------------------------+
Note: In order to hide this table in the UI and the text report file, please set the "Show Parameter Settings in Synthesis Report" option in "Analysis and Synthesis Settings -> More Settings" to "Off".


+------------------------------------------------------------+
; Parameter Settings for User Entity Instance: fifo:fifo_rec ;
+----------------+-------+-----------------------------------+
; Parameter Name ; Value ; Type                              ;
+----------------+-------+-----------------------------------+
; SIZE_DATA      ; 9     ; Signed Integer                    ;
; SIZE_DEPTH     ; 16    ; Signed Integer                    ;
+----------------+-------+-----------------------------------+
Note: In order to hide this table in the UI and the text report file, please set the "Show Parameter Settings in Synthesis Report" option in "Analysis and Synthesis Settings -> More Settings" to "Off".


+------------------------------------------------------------------------------------------------------------+
; Parameter Settings for User Entity Instance: fifo:fifo_rec|simple_dual_port_ram_single_clock:dual_port_ram ;
+----------------+-------+-----------------------------------------------------------------------------------+
; Parameter Name ; Value ; Type                                                                              ;
+----------------+-------+-----------------------------------------------------------------------------------+
; DATA_WIDTH     ; 9     ; Signed Integer                                                                    ;
; ADDR_WIDTH     ; 4     ; Signed Integer                                                                    ;
+----------------+-------+-----------------------------------------------------------------------------------+
Note: In order to hide this table in the UI and the text report file, please set the "Show Parameter Settings in Synthesis Report" option in "Analysis and Synthesis Settings -> More Settings" to "Off".


+--------------------------------------------------------------------------------+
; Parameter Settings for User Entity Instance: baud_generator:baud_generator_rec ;
+----------------+-------+-------------------------------------------------------+
; Parameter Name ; Value ; Type                                                  ;
+----------------+-------+-------------------------------------------------------+
; SIZE_BAUD      ; 24    ; Signed Integer                                        ;
+----------------+-------+-------------------------------------------------------+
Note: In order to hide this table in the UI and the text report file, please set the "Show Parameter Settings in Synthesis Report" option in "Analysis and Synthesis Settings -> More Settings" to "Off".


+-------------------------------------------------------------------------------------------------------------------------------------+
; Parameter Settings for Inferred Entity Instance: fifo:fifo_rec|simple_dual_port_ram_single_clock:dual_port_ram|altsyncram:ram_rtl_0 ;
+------------------------------------+----------------------+-------------------------------------------------------------------------+
; Parameter Name                     ; Value                ; Type                                                                    ;
+------------------------------------+----------------------+-------------------------------------------------------------------------+
; BYTE_SIZE_BLOCK                    ; 8                    ; Untyped                                                                 ;
; AUTO_CARRY_CHAINS                  ; ON                   ; AUTO_CARRY                                                              ;
; IGNORE_CARRY_BUFFERS               ; OFF                  ; IGNORE_CARRY                                                            ;
; AUTO_CASCADE_CHAINS                ; ON                   ; AUTO_CASCADE                                                            ;
; IGNORE_CASCADE_BUFFERS             ; OFF                  ; IGNORE_CASCADE                                                          ;
; WIDTH_BYTEENA                      ; 1                    ; Untyped                                                                 ;
; OPERATION_MODE                     ; DUAL_PORT            ; Untyped                                                                 ;
; WIDTH_A                            ; 9                    ; Untyped                                                                 ;
; WIDTHAD_A                          ; 4                    ; Untyped                                                                 ;
; NUMWORDS_A                         ; 16                   ; Untyped                                                                 ;
; OUTDATA_REG_A                      ; UNREGISTERED         ; Untyped                                                                 ;
; ADDRESS_ACLR_A                     ; NONE                 ; Untyped                                                                 ;
; OUTDATA_ACLR_A                     ; NONE                 ; Untyped                                                                 ;
; WRCONTROL_ACLR_A                   ; NONE                 ; Untyped                                                                 ;
; INDATA_ACLR_A                      ; NONE                 ; Untyped                                                                 ;
; BYTEENA_ACLR_A                     ; NONE                 ; Untyped                                                                 ;
; WIDTH_B                            ; 9                    ; Untyped                                                                 ;
; WIDTHAD_B                          ; 4                    ; Untyped                                                                 ;
; NUMWORDS_B                         ; 16                   ; Untyped                                                                 ;
; INDATA_REG_B                       ; CLOCK1               ; Untyped                                                                 ;
; WRCONTROL_WRADDRESS_REG_B          ; CLOCK1               ; Untyped                                                                 ;
; RDCONTROL_REG_B                    ; CLOCK1               ; Untyped                                                                 ;
; ADDRESS_REG_B                      ; CLOCK0               ; Untyped                                                                 ;
; OUTDATA_REG_B                      ; UNREGISTERED         ; Untyped                                                                 ;
; BYTEENA_REG_B                      ; CLOCK1               ; Untyped                                                                 ;
; INDATA_ACLR_B                      ; NONE                 ; Untyped                                                                 ;
; WRCONTROL_ACLR_B                   ; NONE                 ; Untyped                                                                 ;
; ADDRESS_ACLR_B                     ; NONE                 ; Untyped                                                                 ;
; OUTDATA_ACLR_B                     ; NONE                 ; Untyped                                                                 ;
; RDCONTROL_ACLR_B                   ; NONE                 ; Untyped                                                                 ;
; BYTEENA_ACLR_B                     ; NONE                 ; Untyped                                                                 ;
; WIDTH_BYTEENA_A                    ; 1                    ; Untyped                                                                 ;
; WIDTH_BYTEENA_B                    ; 1                    ; Untyped                                                                 ;
; RAM_BLOCK_TYPE                     ; AUTO                 ; Untyped                                                                 ;
; BYTE_SIZE                          ; 8                    ; Untyped                                                                 ;
; READ_DURING_WRITE_MODE_MIXED_PORTS ; OLD_DATA             ; Untyped                                                                 ;
; READ_DURING_WRITE_MODE_PORT_A      ; NEW_DATA_NO_NBE_READ ; Untyped                                                                 ;
; READ_DURING_WRITE_MODE_PORT_B      ; NEW_DATA_NO_NBE_READ ; Untyped                                                                 ;
; INIT_FILE                          ; UNUSED               ; Untyped                                                                 ;
; INIT_FILE_LAYOUT                   ; PORT_A               ; Untyped                                                                 ;
; MAXIMUM_DEPTH                      ; 0                    ; Untyped                                                                 ;
; CLOCK_ENABLE_INPUT_A               ; NORMAL               ; Untyped                                                                 ;
; CLOCK_ENABLE_INPUT_B               ; NORMAL               ; Untyped                                                                 ;
; CLOCK_ENABLE_OUTPUT_A              ; NORMAL               ; Untyped                                                                 ;
; CLOCK_ENABLE_OUTPUT_B              ; NORMAL               ; Untyped                                                                 ;
; CLOCK_ENABLE_CORE_A                ; USE_INPUT_CLKEN      ; Untyped                                                                 ;
; CLOCK_ENABLE_CORE_B                ; USE_INPUT_CLKEN      ; Untyped                                                                 ;
; ENABLE_ECC                         ; FALSE                ; Untyped                                                                 ;
; ECC_PIPELINE_STAGE_ENABLED         ; FALSE                ; Untyped                                                                 ;
; WIDTH_ECCSTATUS                    ; 3                    ; Untyped                                                                 ;
; DEVICE_FAMILY                      ; Cyclone 10 LP        ; Untyped                                                                 ;
; CBXI_PARAMETER                     ; altsyncram_hpg1      ; Untyped                                                                 ;
+------------------------------------+----------------------+-------------------------------------------------------------------------+
Note: In order to hide this table in the UI and the text report file, please set the "Show Parameter Settings in Synthesis Report" option in "Analysis and Synthesis Settings -> More Settings" to "Off".


+--------------------------------------------------------------------------------------------------------------------------------+
; altsyncram Parameter Settings by Entity Instance                                                                               ;
+-------------------------------------------+------------------------------------------------------------------------------------+
; Name                                      ; Value                                                                              ;
+-------------------------------------------+------------------------------------------------------------------------------------+
; Number of entity instances                ; 1                                                                                  ;
; Entity Instance                           ; fifo:fifo_rec|simple_dual_port_ram_single_clock:dual_port_ram|altsyncram:ram_rtl_0 ;
;     -- OPERATION_MODE                     ; DUAL_PORT                                                                          ;
;     -- WIDTH_A                            ; 9                                                                                  ;
;     -- NUMWORDS_A                         ; 16                                                                                 ;
;     -- OUTDATA_REG_A                      ; UNREGISTERED                                                                       ;
;     -- WIDTH_B                            ; 9                                                                                  ;
;     -- NUMWORDS_B                         ; 16                                                                                 ;
;     -- ADDRESS_REG_B                      ; CLOCK0                                                                             ;
;     -- OUTDATA_REG_B                      ; UNREGISTERED                                                                       ;
;     -- RAM_BLOCK_TYPE                     ; AUTO                                                                               ;
;     -- READ_DURING_WRITE_MODE_MIXED_PORTS ; OLD_DATA                                                                           ;
+-------------------------------------------+------------------------------------------------------------------------------------+


+------------------------------------------------------------------------------------------------------------------------------------------------------------------------------------------+
; Port Connectivity Checks: "baud_generator:baud_generator_rec"                                                                                                                            ;
+--------------+-------+----------+--------------------------------------------------------------------------------------------------------------------------------------------------------+
; Port         ; Type  ; Severity ; Details                                                                                                                                                ;
+--------------+-------+----------+--------------------------------------------------------------------------------------------------------------------------------------------------------+
; i_baud_value ; Input ; Warning  ; Input port expression (1 bits) is smaller than the input port (24 bits) it drives.  Extra input bit(s) "i_baud_value[23..1]" will be connected to GND. ;
+--------------+-------+----------+--------------------------------------------------------------------------------------------------------------------------------------------------------+


+-----------------------------------------------------------+
; Port Connectivity Checks: "fifo:fifo_rec"                 ;
+--------------+--------+----------+------------------------+
; Port         ; Type   ; Severity ; Details                ;
+--------------+--------+----------+------------------------+
; o_fifo_empty ; Output ; Info     ; Explicitly unconnected ;
+--------------+--------+----------+------------------------+


+-----------------------------------------------------+
; Post-Synthesis Netlist Statistics for Top Partition ;
+-----------------------+-----------------------------+
; Type                  ; Count                       ;
+-----------------------+-----------------------------+
; boundary_port         ; 25                          ;
; cycloneiii_ff         ; 73                          ;
;     CLR               ; 47                          ;
;     CLR SLD           ; 9                           ;
;     ENA CLR           ; 17                          ;
; cycloneiii_lcell_comb ; 164                         ;
;     arith             ; 41                          ;
;         2 data inputs ; 38                          ;
;         3 data inputs ; 3                           ;
;     normal            ; 123                         ;
;         0 data inputs ; 1                           ;
;         1 data inputs ; 4                           ;
;         2 data inputs ; 25                          ;
;         3 data inputs ; 46                          ;
;         4 data inputs ; 47                          ;
; cycloneiii_ram_block  ; 9                           ;
;                       ;                             ;
; Max LUT depth         ; 6.40                        ;
; Average LUT depth     ; 3.76                        ;
+-----------------------+-----------------------------+


+-------------------------------+
; Elapsed Time Per Partition    ;
+----------------+--------------+
; Partition Name ; Elapsed Time ;
+----------------+--------------+
; Top            ; 00:00:00     ;
+----------------+--------------+


+-------------------------------+
; Analysis & Synthesis Messages ;
+-------------------------------+
Info: *******************************************************************
Info: Running Quartus Prime Analysis & Synthesis
    Info: Version 24.1std.0 Build 1077 03/04/2025 SC Lite Edition
    Info: Processing started: Sat Jun 28 20:17:07 2025
Info: Command: quartus_map --read_settings_files=on --write_settings_files=off rec_block -c rec_block
Warning (18236): Number of processors has not been specified which may cause overloading on shared machines.  Set the global assignment NUM_PARALLEL_PROCESSORS in your QSF to an appropriate value for best performance.
Info (20030): Parallel compilation is enabled and will use 4 of the 4 processors detected
Info (12021): Found 1 design units, including 1 entities, in source file /home/noname_lnin/Documents/project_tiny/UART_IP/02_rtl/REC/rec_block.sv
    Info (12023): Found entity 1: rec_block File: /home/noname_lnin/Documents/project_tiny/UART_IP/02_rtl/REC/rec_block.sv Line: 1
Info (12021): Found 1 design units, including 1 entities, in source file /home/noname_lnin/Documents/project_tiny/UART_IP/02_rtl/REC/rec.sv
    Info (12023): Found entity 1: rec File: /home/noname_lnin/Documents/project_tiny/UART_IP/02_rtl/REC/rec.sv Line: 1
Info (12021): Found 1 design units, including 1 entities, in source file /home/noname_lnin/Documents/project_tiny/UART_IP/02_rtl/COMMON/baud_generator.sv
    Info (12023): Found entity 1: baud_generator File: /home/noname_lnin/Documents/project_tiny/UART_IP/02_rtl/COMMON/baud_generator.sv Line: 1
Info (12021): Found 1 design units, including 1 entities, in source file /home/noname_lnin/Documents/project_tiny/UART_IP/02_rtl/COMMON/fifo.sv
    Info (12023): Found entity 1: fifo File: /home/noname_lnin/Documents/project_tiny/UART_IP/02_rtl/COMMON/fifo.sv Line: 1
Info (12021): Found 1 design units, including 1 entities, in source file /home/noname_lnin/Documents/project_tiny/UART_IP/02_rtl/COMMON/simple_dual_port_ram_single_clock.sv
    Info (12023): Found entity 1: simple_dual_port_ram_single_clock File: /home/noname_lnin/Documents/project_tiny/UART_IP/02_rtl/COMMON/simple_dual_port_ram_single_clock.sv Line: 6
Warning (10236): Verilog HDL Implicit Net warning at rec_block.sv(65): created implicit net for "i_baud_value" File: /home/noname_lnin/Documents/project_tiny/UART_IP/02_rtl/REC/rec_block.sv Line: 65
Warning (10222): Verilog HDL Parameter Declaration warning at rec.sv(20): Parameter Declaration in module "rec" behaves as a Local Parameter Declaration because the module has a Module Parameter Port List File: /home/noname_lnin/Documents/project_tiny/UART_IP/02_rtl/REC/rec.sv Line: 20
Warning (10222): Verilog HDL Parameter Declaration warning at rec.sv(32): Parameter Declaration in module "rec" behaves as a Local Parameter Declaration because the module has a Module Parameter Port List File: /home/noname_lnin/Documents/project_tiny/UART_IP/02_rtl/REC/rec.sv Line: 32
Warning (10222): Verilog HDL Parameter Declaration warning at rec.sv(39): Parameter Declaration in module "rec" behaves as a Local Parameter Declaration because the module has a Module Parameter Port List File: /home/noname_lnin/Documents/project_tiny/UART_IP/02_rtl/REC/rec.sv Line: 39
Warning (10222): Verilog HDL Parameter Declaration warning at rec.sv(45): Parameter Declaration in module "rec" behaves as a Local Parameter Declaration because the module has a Module Parameter Port List File: /home/noname_lnin/Documents/project_tiny/UART_IP/02_rtl/REC/rec.sv Line: 45
Warning (10222): Verilog HDL Parameter Declaration warning at rec.sv(61): Parameter Declaration in module "rec" behaves as a Local Parameter Declaration because the module has a Module Parameter Port List File: /home/noname_lnin/Documents/project_tiny/UART_IP/02_rtl/REC/rec.sv Line: 61
Info (12127): Elaborating entity "rec_block" for the top level hierarchy
Info (12128): Elaborating entity "rec" for hierarchy "rec:rec_unit" File: /home/noname_lnin/Documents/project_tiny/UART_IP/02_rtl/REC/rec_block.sv Line: 41
Info (10264): Verilog HDL Case Statement information at rec.sv(69): all case item expressions in this case statement are onehot File: /home/noname_lnin/Documents/project_tiny/UART_IP/02_rtl/REC/rec.sv Line: 69
Info (10264): Verilog HDL Case Statement information at rec.sv(80): all case item expressions in this case statement are onehot File: /home/noname_lnin/Documents/project_tiny/UART_IP/02_rtl/REC/rec.sv Line: 80
Info (10264): Verilog HDL Case Statement information at rec.sv(91): all case item expressions in this case statement are onehot File: /home/noname_lnin/Documents/project_tiny/UART_IP/02_rtl/REC/rec.sv Line: 91
Info (10264): Verilog HDL Case Statement information at rec.sv(127): all case item expressions in this case statement are onehot File: /home/noname_lnin/Documents/project_tiny/UART_IP/02_rtl/REC/rec.sv Line: 127
Info (10264): Verilog HDL Case Statement information at rec.sv(148): all case item expressions in this case statement are onehot File: /home/noname_lnin/Documents/project_tiny/UART_IP/02_rtl/REC/rec.sv Line: 148
Info (10264): Verilog HDL Case Statement information at rec.sv(160): all case item expressions in this case statement are onehot File: /home/noname_lnin/Documents/project_tiny/UART_IP/02_rtl/REC/rec.sv Line: 160
Info (12128): Elaborating entity "fifo" for hierarchy "fifo:fifo_rec" File: /home/noname_lnin/Documents/project_tiny/UART_IP/02_rtl/REC/rec_block.sv Line: 57
Info (12128): Elaborating entity "simple_dual_port_ram_single_clock" for hierarchy "fifo:fifo_rec|simple_dual_port_ram_single_clock:dual_port_ram" File: /home/noname_lnin/Documents/project_tiny/UART_IP/02_rtl/COMMON/fifo.sv Line: 55
Info (12128): Elaborating entity "baud_generator" for hierarchy "baud_generator:baud_generator_rec" File: /home/noname_lnin/Documents/project_tiny/UART_IP/02_rtl/REC/rec_block.sv Line: 67
Info (19000): Inferred 1 megafunctions from design logic
    Info (276029): Inferred altsyncram megafunction from the following design logic: "fifo:fifo_rec|simple_dual_port_ram_single_clock:dual_port_ram|ram_rtl_0" 
        Info (286033): Parameter OPERATION_MODE set to DUAL_PORT
        Info (286033): Parameter WIDTH_A set to 9
        Info (286033): Parameter WIDTHAD_A set to 4
        Info (286033): Parameter NUMWORDS_A set to 16
        Info (286033): Parameter WIDTH_B set to 9
        Info (286033): Parameter WIDTHAD_B set to 4
        Info (286033): Parameter NUMWORDS_B set to 16
        Info (286033): Parameter ADDRESS_ACLR_A set to NONE
        Info (286033): Parameter OUTDATA_REG_B set to UNREGISTERED
        Info (286033): Parameter ADDRESS_ACLR_B set to NONE
        Info (286033): Parameter OUTDATA_ACLR_B set to NONE
        Info (286033): Parameter ADDRESS_REG_B set to CLOCK0
        Info (286033): Parameter INDATA_ACLR_A set to NONE
        Info (286033): Parameter WRCONTROL_ACLR_A set to NONE
        Info (286033): Parameter READ_DURING_WRITE_MODE_MIXED_PORTS set to OLD_DATA
Info (12130): Elaborated megafunction instantiation "fifo:fifo_rec|simple_dual_port_ram_single_clock:dual_port_ram|altsyncram:ram_rtl_0"
Info (12133): Instantiated megafunction "fifo:fifo_rec|simple_dual_port_ram_single_clock:dual_port_ram|altsyncram:ram_rtl_0" with the following parameter:
    Info (12134): Parameter "OPERATION_MODE" = "DUAL_PORT"
    Info (12134): Parameter "WIDTH_A" = "9"
    Info (12134): Parameter "WIDTHAD_A" = "4"
    Info (12134): Parameter "NUMWORDS_A" = "16"
    Info (12134): Parameter "WIDTH_B" = "9"
    Info (12134): Parameter "WIDTHAD_B" = "4"
    Info (12134): Parameter "NUMWORDS_B" = "16"
    Info (12134): Parameter "ADDRESS_ACLR_A" = "NONE"
    Info (12134): Parameter "OUTDATA_REG_B" = "UNREGISTERED"
    Info (12134): Parameter "ADDRESS_ACLR_B" = "NONE"
    Info (12134): Parameter "OUTDATA_ACLR_B" = "NONE"
    Info (12134): Parameter "ADDRESS_REG_B" = "CLOCK0"
    Info (12134): Parameter "INDATA_ACLR_A" = "NONE"
    Info (12134): Parameter "WRCONTROL_ACLR_A" = "NONE"
    Info (12134): Parameter "READ_DURING_WRITE_MODE_MIXED_PORTS" = "OLD_DATA"
Info (12021): Found 1 design units, including 1 entities, in source file db/altsyncram_hpg1.tdf
    Info (12023): Found entity 1: altsyncram_hpg1 File: /home/noname_lnin/Documents/project_tiny/UART_IP/04_imple/UART_REC/db/altsyncram_hpg1.tdf Line: 28
Warning (12241): 1 hierarchies have connectivity warnings - see the Connectivity Checks report folder
Warning (13024): Output pins are stuck at VCC or GND
    Warning (13410): Pin "o_error_overun" is stuck at GND File: /home/noname_lnin/Documents/project_tiny/UART_IP/02_rtl/REC/rec_block.sv Line: 17
Info (286030): Timing-Driven Synthesis is running
Info (17049): 3 registers lost all their fanouts during netlist optimizations.
Info (16010): Generating hard_block partition "hard_block:auto_generated_inst"
    Info (16011): Adding 0 node(s), including 0 DDIO, 0 PLL, 0 transceiver and 0 LCELL
Warning (21074): Design contains 1 input pin(s) that do not drive logic
    Warning (15610): No output dependent on input pin "i_stick" File: /home/noname_lnin/Documents/project_tiny/UART_IP/02_rtl/REC/rec_block.sv Line: 8
Info (21057): Implemented 206 device resources after synthesis - the final resource count might be different
    Info (21058): Implemented 12 input pins
    Info (21059): Implemented 13 output pins
    Info (21061): Implemented 172 logic cells
    Info (21064): Implemented 9 RAM segments
Info: Quartus Prime Analysis & Synthesis was successful. 0 errors, 12 warnings
    Info: Peak virtual memory: 404 megabytes
    Info: Processing ended: Sat Jun 28 20:17:14 2025
    Info: Elapsed time: 00:00:07
    Info: Total CPU time (on all processors): 00:00:15


